#
# There is insufficient memory for the Java Runtime Environment to continue.
# Native memory allocation (malloc) failed to allocate 32744 bytes for ChunkPool::allocate
# Possible reasons:
#   The system is out of physical RAM or swap space
#   In 32 bit mode, the process size limit was hit
# Possible solutions:
#   Reduce memory load on the system
#   Increase physical memory or swap space
#   Check if swap backing store is full
#   Use 64 bit Java on a 64 bit OS
#   Decrease Java heap size (-Xmx/-Xms)
#   Decrease number of Java threads
#   Decrease Java thread stack sizes (-Xss)
#   Set larger code cache with -XX:ReservedCodeCacheSize=
# This output file may be truncated or incomplete.
#
#  Out of Memory Error (allocation.cpp:273), pid=39924, tid=0x0000000000007d6c
#
# JRE version: Java(TM) SE Runtime Environment (8.0_121-b13) (build 1.8.0_121-b13)
# Java VM: Java HotSpot(TM) 64-Bit Server VM (25.121-b13 mixed mode windows-amd64 compressed oops)
# Failed to write core dump. Minidumps are not enabled by default on client versions of Windows
#

---------------  T H R E A D  ---------------

Current thread (0x0000000017e54000):  JavaThread "C1 CompilerThread2" daemon [_thread_in_native, id=32108, stack(0x0000000019690000,0x0000000019790000)]

Stack: [0x0000000019690000,0x0000000019790000]
[error occurred during error reporting (printing stack bounds), id 0xc0000005]

Native frames: (J=compiled Java code, j=interpreted, Vv=VM code, C=native code)


Current CompileTask:
C1:   7145 3792   !   1       org.h2.value.Value::convertTo (3662 bytes)


---------------  P R O C E S S  ---------------

Java Threads: ( => current thread )
  0x000000001d777000 JavaThread "HikariPool-1 connection adder" daemon [_thread_blocked, id=39456, stack(0x000000001eb70000,0x000000001ec70000)]
  0x000000001d76a800 JavaThread "HikariPool-1 housekeeper" daemon [_thread_blocked, id=20600, stack(0x000000001e870000,0x000000001e970000)]
  0x000000001c076800 JavaThread "container-0" [_thread_blocked, id=35596, stack(0x000000001d5a0000,0x000000001d6a0000)]
  0x000000001c075800 JavaThread "Catalina-utility-1" [_thread_blocked, id=6000, stack(0x000000001d4a0000,0x000000001d5a0000)]
  0x000000001a263000 JavaThread "JMX server connection timeout 17" daemon [_thread_blocked, id=21888, stack(0x000000001ab90000,0x000000001ac90000)]
  0x000000001a246800 JavaThread "RMI TCP Connection(2)-127.0.0.1" daemon [_thread_in_native, id=27948, stack(0x000000001aa90000,0x000000001ab90000)]
  0x000000001a23c800 JavaThread "RMI Scheduler(0)" daemon [_thread_blocked, id=28320, stack(0x000000001a990000,0x000000001aa90000)]
  0x000000001a238000 JavaThread "RMI TCP Accept-0" daemon [_thread_in_native, id=34320, stack(0x000000001a790000,0x000000001a890000)]
  0x000000001a235000 JavaThread "RMI TCP Connection(1)-127.0.0.1" daemon [_thread_in_native, id=16060, stack(0x000000001a690000,0x000000001a790000)]
  0x000000001a228800 JavaThread "RMI TCP Accept-53130" daemon [_thread_in_native, id=13744, stack(0x000000001a590000,0x000000001a690000)]
  0x000000001a219000 JavaThread "RMI TCP Accept-0" daemon [_thread_in_native, id=27596, stack(0x000000001a490000,0x000000001a590000)]
  0x00000000197c8800 JavaThread "Service Thread" daemon [_thread_blocked, id=8052, stack(0x0000000019b90000,0x0000000019c90000)]
=>0x0000000017e54000 JavaThread "C1 CompilerThread2" daemon [_thread_in_native, id=32108, stack(0x0000000019690000,0x0000000019790000)]
  0x0000000017e4b800 JavaThread "C2 CompilerThread1" daemon [_thread_blocked, id=33884, stack(0x0000000019590000,0x0000000019690000)]
  0x0000000017e49800 JavaThread "C2 CompilerThread0" daemon [_thread_blocked, id=20932, stack(0x0000000019490000,0x0000000019590000)]
  0x0000000017e46000 JavaThread "Attach Listener" daemon [_thread_blocked, id=5772, stack(0x0000000019390000,0x0000000019490000)]
  0x0000000017e45000 JavaThread "Signal Dispatcher" daemon [_thread_blocked, id=18192, stack(0x0000000019290000,0x0000000019390000)]
  0x000000000321e000 JavaThread "Finalizer" daemon [_thread_blocked, id=21204, stack(0x00000000190a0000,0x00000000191a0000)]
  0x0000000003219000 JavaThread "Reference Handler" daemon [_thread_blocked, id=17004, stack(0x0000000018fa0000,0x00000000190a0000)]
  0x0000000003129800 JavaThread "main" [_thread_in_vm, id=10008, stack(0x0000000003020000,0x0000000003120000)]

Other Threads:
  0x0000000017e07800 VMThread [stack: 0x0000000018ea0000,0x0000000018fa0000] [id=33640]
  0x000000001a239800 WatcherThread [stack: 0x000000001a890000,0x000000001a990000] [id=9536]

VM state:not at safepoint (normal execution)

VM Mutex/Monitor currently owned by a thread: None

Heap:
 PSYoungGen      total 122368K, used 70236K [0x00000000d5580000, 0x00000000dd600000, 0x0000000100000000)
  eden space 113152K, 62% used [0x00000000d5580000,0x00000000d9a17260,0x00000000dc400000)
  from space 9216K, 0% used [0x00000000dc400000,0x00000000dc400000,0x00000000dcd00000)
  to   space 8704K, 0% used [0x00000000dcd80000,0x00000000dcd80000,0x00000000dd600000)
 ParOldGen       total 86528K, used 21594K [0x0000000080000000, 0x0000000085480000, 0x00000000d5580000)
  object space 86528K, 24% used [0x0000000080000000,0x0000000081516b70,0x0000000085480000)
 Metaspace       used 41456K, capacity 43132K, committed 43520K, reserved 1087488K
  class space    used 5670K, capacity 6017K, committed 6144K, reserved 1048576K

Card table byte_map: [0x00000000125e0000,0x00000000129f0000] byte_map_base: 0x00000000121e0000

Marking Bits: (ParMarkBitMap*) 0x0000000051feb6d0
 Begin Bits: [0x00000000130a0000, 0x00000000150a0000)
 End Bits:   [0x00000000150a0000, 0x00000000170a0000)

Polling page: 0x0000000002f20000

CodeCache: size=245760Kb used=7859Kb max_used=7859Kb free=237900Kb
 bounds [0x0000000003220000, 0x00000000039d0000, 0x0000000012220000]
 total_blobs=4273 nmethods=3791 adapters=395
 compilation: enabled

Compilation events (10 events):
Event: 7.122 Thread 0x0000000017e54000 nmethod 3787 0x00000000039cb190 code [0x00000000039cb300, 0x00000000039cb4a8]
Event: 7.122 Thread 0x0000000017e54000 3793   !   1       org.h2.util.StringUtils::getCache (93 bytes)
Event: 7.123 Thread 0x0000000017e54000 nmethod 3793 0x00000000039cb590 code [0x00000000039cb700, 0x00000000039cbab0]
Event: 7.123 Thread 0x0000000017e54000 3789       1       org.h2.value.ValueString::get (50 bytes)
Event: 7.123 Thread 0x0000000017e54000 nmethod 3789 0x00000000039cbc10 code [0x00000000039cbd80, 0x00000000039cbf98]
Event: 7.123 Thread 0x0000000017e54000 3788       1       org.h2.value.ValueString::<init> (10 bytes)
Event: 7.123 Thread 0x0000000017e54000 nmethod 3788 0x00000000039cc110 code [0x00000000039cc260, 0x00000000039cc390]
Event: 7.123 Thread 0x0000000017e54000 3791       1       org.h2.value.ValueString::get (6 bytes)
Event: 7.123 Thread 0x0000000017e54000 nmethod 3791 0x00000000039cc410 code [0x00000000039cc560, 0x00000000039cc668]
Event: 7.123 Thread 0x0000000017e54000 3792   !   1       org.h2.value.Value::convertTo (3662 bytes)

GC Heap History (10 events):
Event: 3.158 GC heap before
{Heap before GC invocations=7 (full 1):
 PSYoungGen      total 71680K, used 71676K [0x00000000d5580000, 0x00000000dd680000, 0x0000000100000000)
  eden space 66560K, 100% used [0x00000000d5580000,0x00000000d9680000,0x00000000d9680000)
  from space 5120K, 99% used [0x00000000d9680000,0x00000000d9b7f1d0,0x00000000d9b80000)
  to   space 9216K, 0% used [0x00000000dcd80000,0x00000000dcd80000,0x00000000dd680000)
 ParOldGen       total 54784K, used 9437K [0x0000000080000000, 0x0000000083580000, 0x00000000d5580000)
  object space 54784K, 17% used [0x0000000080000000,0x0000000080937578,0x0000000083580000)
 Metaspace       used 24525K, capacity 25412K, committed 25600K, reserved 1071104K
  class space    used 3353K, capacity 3581K, committed 3584K, reserved 1048576K
Event: 3.171 GC heap after
Heap after GC invocations=7 (full 1):
 PSYoungGen      total 121856K, used 7738K [0x00000000d5580000, 0x00000000dd600000, 0x0000000100000000)
  eden space 113152K, 0% used [0x00000000d5580000,0x00000000d5580000,0x00000000dc400000)
  from space 8704K, 88% used [0x00000000dcd80000,0x00000000dd50e818,0x00000000dd600000)
  to   space 9216K, 0% used [0x00000000dc400000,0x00000000dc400000,0x00000000dcd00000)
 ParOldGen       total 54784K, used 9445K [0x0000000080000000, 0x0000000083580000, 0x00000000d5580000)
  object space 54784K, 17% used [0x0000000080000000,0x0000000080939578,0x0000000083580000)
 Metaspace       used 24525K, capacity 25412K, committed 25600K, reserved 1071104K
  class space    used 3353K, capacity 3581K, committed 3584K, reserved 1048576K
}
Event: 4.506 GC heap before
{Heap before GC invocations=8 (full 1):
 PSYoungGen      total 121856K, used 120890K [0x00000000d5580000, 0x00000000dd600000, 0x0000000100000000)
  eden space 113152K, 100% used [0x00000000d5580000,0x00000000dc400000,0x00000000dc400000)
  from space 8704K, 88% used [0x00000000dcd80000,0x00000000dd50e818,0x00000000dd600000)
  to   space 9216K, 0% used [0x00000000dc400000,0x00000000dc400000,0x00000000dcd00000)
 ParOldGen       total 54784K, used 9445K [0x0000000080000000, 0x0000000083580000, 0x00000000d5580000)
  object space 54784K, 17% used [0x0000000080000000,0x0000000080939578,0x0000000083580000)
 Metaspace       used 30004K, capacity 31600K, committed 31872K, reserved 1077248K
  class space    used 4125K, capacity 4457K, committed 4480K, reserved 1048576K
Event: 4.532 GC heap after
Heap after GC invocations=8 (full 1):
 PSYoungGen      total 122368K, used 9204K [0x00000000d5580000, 0x00000000dd600000, 0x0000000100000000)
  eden space 113152K, 0% used [0x00000000d5580000,0x00000000d5580000,0x00000000dc400000)
  from space 9216K, 99% used [0x00000000dc400000,0x00000000dccfd348,0x00000000dcd00000)
  to   space 8704K, 0% used [0x00000000dcd80000,0x00000000dcd80000,0x00000000dd600000)
 ParOldGen       total 54784K, used 14782K [0x0000000080000000, 0x0000000083580000, 0x00000000d5580000)
  object space 54784K, 26% used [0x0000000080000000,0x0000000080e6f9e8,0x0000000083580000)
 Metaspace       used 30004K, capacity 31600K, committed 31872K, reserved 1077248K
  class space    used 4125K, capacity 4457K, committed 4480K, reserved 1048576K
}
Event: 5.281 GC heap before
{Heap before GC invocations=9 (full 1):
 PSYoungGen      total 122368K, used 122356K [0x00000000d5580000, 0x00000000dd600000, 0x0000000100000000)
  eden space 113152K, 100% used [0x00000000d5580000,0x00000000dc400000,0x00000000dc400000)
  from space 9216K, 99% used [0x00000000dc400000,0x00000000dccfd348,0x00000000dcd00000)
  to   space 8704K, 0% used [0x00000000dcd80000,0x00000000dcd80000,0x00000000dd600000)
 ParOldGen       total 54784K, used 14782K [0x0000000080000000, 0x0000000083580000, 0x00000000d5580000)
  object space 54784K, 26% used [0x0000000080000000,0x0000000080e6f9e8,0x0000000083580000)
 Metaspace       used 33250K, capacity 34868K, committed 35072K, reserved 1079296K
  class space    used 4534K, capacity 4855K, committed 4864K, reserved 1048576K
Event: 5.301 GC heap after
Heap after GC invocations=9 (full 1):
 PSYoungGen      total 121856K, used 8674K [0x00000000d5580000, 0x00000000dd600000, 0x0000000100000000)
  eden space 113152K, 0% used [0x00000000d5580000,0x00000000d5580000,0x00000000dc400000)
  from space 8704K, 99% used [0x00000000dcd80000,0x00000000dd5f8808,0x00000000dd600000)
  to   space 9216K, 0% used [0x00000000dc400000,0x00000000dc400000,0x00000000dcd00000)
 ParOldGen       total 54784K, used 23579K [0x0000000080000000, 0x0000000083580000, 0x00000000d5580000)
  object space 54784K, 43% used [0x0000000080000000,0x0000000081706c60,0x0000000083580000)
 Metaspace       used 33250K, capacity 34868K, committed 35072K, reserved 1079296K
  class space    used 4534K, capacity 4855K, committed 4864K, reserved 1048576K
}
Event: 5.456 GC heap before
{Heap before GC invocations=10 (full 1):
 PSYoungGen      total 121856K, used 26038K [0x00000000d5580000, 0x00000000dd600000, 0x0000000100000000)
  eden space 113152K, 15% used [0x00000000d5580000,0x00000000d6675000,0x00000000dc400000)
  from space 8704K, 99% used [0x00000000dcd80000,0x00000000dd5f8808,0x00000000dd600000)
  to   space 9216K, 0% used [0x00000000dc400000,0x00000000dc400000,0x00000000dcd00000)
 ParOldGen       total 54784K, used 23579K [0x0000000080000000, 0x0000000083580000, 0x00000000d5580000)
  object space 54784K, 43% used [0x0000000080000000,0x0000000081706c60,0x0000000083580000)
 Metaspace       used 33780K, capacity 35300K, committed 35456K, reserved 1079296K
  class space    used 4591K, capacity 4891K, committed 4992K, reserved 1048576K
Event: 5.472 GC heap after
Heap after GC invocations=10 (full 1):
 PSYoungGen      total 122368K, used 5813K [0x00000000d5580000, 0x00000000dd600000, 0x0000000100000000)
  eden space 113152K, 0% used [0x00000000d5580000,0x00000000d5580000,0x00000000dc400000)
  from space 9216K, 63% used [0x00000000dc400000,0x00000000dc9ad7e8,0x00000000dcd00000)
  to   space 8704K, 0% used [0x00000000dcd80000,0x00000000dcd80000,0x00000000dd600000)
 ParOldGen       total 54784K, used 27330K [0x0000000080000000, 0x0000000083580000, 0x00000000d5580000)
  object space 54784K, 49% used [0x0000000080000000,0x0000000081ab0980,0x0000000083580000)
 Metaspace       used 33780K, capacity 35300K, committed 35456K, reserved 1079296K
  class space    used 4591K, capacity 4891K, committed 4992K, reserved 1048576K
}
Event: 5.472 GC heap before
{Heap before GC invocations=11 (full 2):
 PSYoungGen      total 122368K, used 5813K [0x00000000d5580000, 0x00000000dd600000, 0x0000000100000000)
  eden space 113152K, 0% used [0x00000000d5580000,0x00000000d5580000,0x00000000dc400000)
  from space 9216K, 63% used [0x00000000dc400000,0x00000000dc9ad7e8,0x00000000dcd00000)
  to   space 8704K, 0% used [0x00000000dcd80000,0x00000000dcd80000,0x00000000dd600000)
 ParOldGen       total 54784K, used 27330K [0x0000000080000000, 0x0000000083580000, 0x00000000d5580000)
  object space 54784K, 49% used [0x0000000080000000,0x0000000081ab0980,0x0000000083580000)
 Metaspace       used 33780K, capacity 35300K, committed 35456K, reserved 1079296K
  class space    used 4591K, capacity 4891K, committed 4992K, reserved 1048576K
Event: 5.574 GC heap after
Heap after GC invocations=11 (full 2):
 PSYoungGen      total 122368K, used 0K [0x00000000d5580000, 0x00000000dd600000, 0x0000000100000000)
  eden space 113152K, 0% used [0x00000000d5580000,0x00000000d5580000,0x00000000dc400000)
  from space 9216K, 0% used [0x00000000dc400000,0x00000000dc400000,0x00000000dcd00000)
  to   space 8704K, 0% used [0x00000000dcd80000,0x00000000dcd80000,0x00000000dd600000)
 ParOldGen       total 86528K, used 21594K [0x0000000080000000, 0x0000000085480000, 0x00000000d5580000)
  object space 86528K, 24% used [0x0000000080000000,0x0000000081516b70,0x0000000085480000)
 Metaspace       used 33780K, capacity 35300K, committed 35456K, reserved 1079296K
  class space    used 4591K, capacity 4891K, committed 4992K, reserved 1048576K
}

Deoptimization events (0 events):
No events

Internal exceptions (10 events):
Event: 5.969 Thread 0x0000000003129800 Exception <a 'java/lang/ClassNotFoundException': org/springframework/beans/factory/BeanNameAwareCustomizer> (0x00000000d6b43bb0) thrown at [C:\re\workspace\8-2-build-windows-amd64-cygwin\jdk8u121\8372\hotspot\src\share\vm\classfile\systemDictionary.cpp, l
Event: 5.970 Thread 0x0000000003129800 Exception <a 'java/lang/ClassNotFoundException': org/springframework/beans/factory/AwareCustomizer> (0x00000000d6b65388) thrown at [C:\re\workspace\8-2-build-windows-amd64-cygwin\jdk8u121\8372\hotspot\src\share\vm\classfile\systemDictionary.cpp, line 210]
Event: 5.970 Thread 0x0000000003129800 Exception <a 'java/lang/ClassNotFoundException': org/springframework/beans/factory/InitializingBeanCustomizer> (0x00000000d6b8b1f8) thrown at [C:\re\workspace\8-2-build-windows-amd64-cygwin\jdk8u121\8372\hotspot\src\share\vm\classfile\systemDictionary.cpp
Event: 5.971 Thread 0x0000000003129800 Exception <a 'java/lang/ClassNotFoundException': org/springframework/beans/factory/DisposableBeanCustomizer> (0x00000000d6bafd00) thrown at [C:\re\workspace\8-2-build-windows-amd64-cygwin\jdk8u121\8372\hotspot\src\share\vm\classfile\systemDictionary.cpp, 
Event: 5.971 Thread 0x0000000003129800 Exception <a 'java/lang/ClassNotFoundException': org/springframework/orm/jpa/EntityManagerFactoryInfoCustomizer> (0x00000000d6bd7158) thrown at [C:\re\workspace\8-2-build-windows-amd64-cygwin\jdk8u121\8372\hotspot\src\share\vm\classfile\systemDictionary.c
Event: 5.971 Thread 0x0000000003129800 Exception <a 'java/lang/ArrayIndexOutOfBoundsException'> (0x00000000d6bdb670) thrown at [C:\re\workspace\8-2-build-windows-amd64-cygwin\jdk8u121\8372\hotspot\src\share\vm\runtime\sharedRuntime.cpp, line 605]
Event: 5.972 Thread 0x0000000003129800 Exception <a 'java/lang/ClassNotFoundException': org/springframework/dao/support/PersistenceExceptionTranslatorCustomizer> (0x00000000d6c0fbe0) thrown at [C:\re\workspace\8-2-build-windows-amd64-cygwin\jdk8u121\8372\hotspot\src\share\vm\classfile\systemDi
Event: 6.076 Thread 0x000000001a246800 Exception <a 'java/lang/reflect/InvocationTargetException'> (0x00000000d5586320) thrown at [C:\re\workspace\8-2-build-windows-amd64-cygwin\jdk8u121\8372\hotspot\src\share\vm\runtime\reflection.cpp, line 1092]
Event: 6.579 Thread 0x000000001a246800 Exception <a 'java/lang/reflect/InvocationTargetException'> (0x00000000d558a160) thrown at [C:\re\workspace\8-2-build-windows-amd64-cygwin\jdk8u121\8372\hotspot\src\share\vm\runtime\reflection.cpp, line 1092]
Event: 7.083 Thread 0x000000001a246800 Exception <a 'java/lang/reflect/InvocationTargetException'> (0x00000000d558dfa0) thrown at [C:\re\workspace\8-2-build-windows-amd64-cygwin\jdk8u121\8372\hotspot\src\share\vm\runtime\reflection.cpp, line 1092]

Events (10 events):
Event: 7.134 loading class org/h2/value/ValueLobDb
Event: 7.134 loading class org/h2/value/ValueLobDb done
Event: 7.135 loading class org/h2/value/Value$ValueClob
Event: 7.135 loading class org/h2/value/Value$ValueClob done
Event: 7.135 loading class org/h2/value/Value$ValueBlob
Event: 7.135 loading class org/h2/value/Value$ValueBlob done
Event: 7.136 loading class org/h2/jdbc/JdbcClob
Event: 7.136 loading class org/h2/jdbc/JdbcClob done
Event: 7.137 loading class org/hibernate/boot/model/relational/Database
Event: 7.137 loading class org/hibernate/boot/model/relational/Database done


Dynamic libraries:
0x00007ff6877f0000 - 0x00007ff687827000 	C:\Program Files\Java\jre1.8.0_121\bin\javaw.exe
0x00007ffbc5430000 - 0x00007ffbc5611000 	C:\WINDOWS\SYSTEM32\ntdll.dll
0x00007ffbc2950000 - 0x00007ffbc2a02000 	C:\WINDOWS\System32\KERNEL32.DLL
0x00007ffbc1ba0000 - 0x00007ffbc1e13000 	C:\WINDOWS\System32\KERNELBASE.dll
0x00007ffbc30c0000 - 0x00007ffbc3161000 	C:\WINDOWS\System32\ADVAPI32.dll
0x00007ffbc47e0000 - 0x00007ffbc487e000 	C:\WINDOWS\System32\msvcrt.dll
0x00007ffbc2a90000 - 0x00007ffbc2aeb000 	C:\WINDOWS\System32\sechost.dll
0x00007ffbc4fd0000 - 0x00007ffbc50f4000 	C:\WINDOWS\System32\RPCRT4.dll
0x00007ffbc4d60000 - 0x00007ffbc4ef0000 	C:\WINDOWS\System32\USER32.dll
0x00007ffbc2600000 - 0x00007ffbc2620000 	C:\WINDOWS\System32\win32u.dll
0x00007ffbc28c0000 - 0x00007ffbc28e8000 	C:\WINDOWS\System32\GDI32.dll
0x00007ffbc2620000 - 0x00007ffbc27b2000 	C:\WINDOWS\System32\gdi32full.dll
0x00007ffbc2820000 - 0x00007ffbc28bf000 	C:\WINDOWS\System32\msvcp_win.dll
0x00007ffbc19f0000 - 0x00007ffbc1aea000 	C:\WINDOWS\System32\ucrtbase.dll
0x00007ffbbf980000 - 0x00007ffbbfbe9000 	C:\WINDOWS\WinSxS\amd64_microsoft.windows.common-controls_6595b64144ccf1df_6.0.17134.228_none_fb4599993062b194\COMCTL32.dll
0x00007ffbc2bc0000 - 0x00007ffbc2ee3000 	C:\WINDOWS\System32\combase.dll
0x00007ffbc1e70000 - 0x00007ffbc1eea000 	C:\WINDOWS\System32\bcryptPrimitives.dll
0x00007ffbc3090000 - 0x00007ffbc30bd000 	C:\WINDOWS\System32\IMM32.DLL
0x00007ffbc15e0000 - 0x00007ffbc163d000 	C:\Program Files\Citrix\System32\MfApHook64.dll
0x00007ffbc0f30000 - 0x00007ffbc0f5b000 	C:\Program Files\Citrix\ICAService\CtxDodHook64.dll
0x00007ffbc1500000 - 0x00007ffbc1532000 	C:\Program Files\Citrix\ICAService\picaFullScreenHookX64.dll
0x00007ffbc0ec0000 - 0x00007ffbc0f0e000 	C:\Program Files\Citrix\ICAService\ShellHook64.dll
0x00007ffbc3220000 - 0x00007ffbc4660000 	C:\WINDOWS\System32\SHELL32.dll
0x00007ffbc1e20000 - 0x00007ffbc1e69000 	C:\WINDOWS\System32\cfgmgr32.dll
0x00007ffbc3170000 - 0x00007ffbc3219000 	C:\WINDOWS\System32\shcore.dll
0x00007ffbc1ef0000 - 0x00007ffbc25fd000 	C:\WINDOWS\System32\windows.storage.dll
0x00007ffbc4ef0000 - 0x00007ffbc4f41000 	C:\WINDOWS\System32\shlwapi.dll
0x00007ffbc17e0000 - 0x00007ffbc17f1000 	C:\WINDOWS\System32\kernel.appcore.dll
0x00007ffbc17a0000 - 0x00007ffbc17bf000 	C:\WINDOWS\System32\profapi.dll
0x00007ffbc1750000 - 0x00007ffbc179c000 	C:\WINDOWS\System32\powrprof.dll
0x00007ffbc1740000 - 0x00007ffbc174a000 	C:\WINDOWS\System32\FLTLIB.DLL
0x00007ffbc0d40000 - 0x00007ffbc0ebc000 	C:\Program Files\Citrix\ICAService\SCardHook64.dll
0x00007ffbc0be0000 - 0x00007ffbc0c0a000 	C:\Program Files\Citrix\ICAService\cxinjime64.dll
0x00007ffbc09f0000 - 0x00007ffbc0a38000 	C:\Program Files\Citrix\ICAService\PicaWtsHook64.dll
0x0000000051440000 - 0x0000000051512000 	C:\Program Files\Java\jre1.8.0_121\bin\msvcr100.dll
0x00000000517d0000 - 0x000000005206b000 	C:\Program Files\Java\jre1.8.0_121\bin\server\jvm.dll
0x00007ffbc2a20000 - 0x00007ffbc2a28000 	C:\WINDOWS\System32\PSAPI.DLL
0x00007ffbb49a0000 - 0x00007ffbb49a9000 	C:\WINDOWS\SYSTEM32\WSOCK32.dll
0x00007ffbbba30000 - 0x00007ffbbba53000 	C:\WINDOWS\SYSTEM32\WINMM.dll
0x00007ffbc13f0000 - 0x00007ffbc13fa000 	C:\WINDOWS\SYSTEM32\VERSION.dll
0x00007ffbbba00000 - 0x00007ffbbba2a000 	C:\WINDOWS\SYSTEM32\WINMMBASE.dll
0x0000000002eb0000 - 0x0000000002f1c000 	C:\WINDOWS\System32\ws2_32.DLL
0x0000000052850000 - 0x000000005285f000 	C:\Program Files\Java\jre1.8.0_121\bin\verify.dll
0x0000000052820000 - 0x0000000052849000 	C:\Program Files\Java\jre1.8.0_121\bin\java.dll
0x0000000052800000 - 0x0000000052816000 	C:\Program Files\Java\jre1.8.0_121\bin\zip.dll
0x0000000052770000 - 0x000000005277d000 	C:\Program Files\Java\jre1.8.0_121\bin\management.dll
0x00000000527e0000 - 0x00000000527fa000 	C:\Program Files\Java\jre1.8.0_121\bin\net.dll
0x00007ffbc0430000 - 0x00007ffbc0496000 	C:\WINDOWS\system32\mswsock.dll
0x00000000527c0000 - 0x00000000527d1000 	C:\Program Files\Java\jre1.8.0_121\bin\nio.dll
0x00007ffbb7170000 - 0x00007ffbb7186000 	C:\WINDOWS\system32\napinsp.dll
0x00007ffbb7190000 - 0x00007ffbb71aa000 	C:\WINDOWS\system32\pnrpnsp.dll
0x00007ffbbd0f0000 - 0x00007ffbbd109000 	C:\WINDOWS\system32\NLAapi.dll
0x00007ffbc01f0000 - 0x00007ffbc02ae000 	C:\WINDOWS\SYSTEM32\DNSAPI.dll
0x00007ffbc2a10000 - 0x00007ffbc2a18000 	C:\WINDOWS\System32\NSI.dll
0x00007ffbc01b0000 - 0x00007ffbc01e8000 	C:\WINDOWS\SYSTEM32\IPHLPAPI.DLL
0x00007ffbb71b0000 - 0x00007ffbb71be000 	C:\WINDOWS\System32\winrnr.dll
0x00007ffbb8620000 - 0x00007ffbb862a000 	C:\Windows\System32\rasadhlp.dll
0x00007ffbbbd10000 - 0x00007ffbbbd82000 	C:\WINDOWS\System32\fwpuclnt.dll
0x00007ffbc0fb0000 - 0x00007ffbc0fd5000 	C:\WINDOWS\SYSTEM32\bcrypt.dll
0x00007ffbc05e0000 - 0x00007ffbc05f7000 	C:\WINDOWS\SYSTEM32\CRYPTSP.dll
0x00007ffbc0010000 - 0x00007ffbc0043000 	C:\WINDOWS\system32\rsaenh.dll
0x00007ffbc1640000 - 0x00007ffbc1668000 	C:\WINDOWS\SYSTEM32\USERENV.dll
0x00007ffbc0600000 - 0x00007ffbc060b000 	C:\WINDOWS\SYSTEM32\CRYPTBASE.dll
0x00007ffbbb880000 - 0x00007ffbbb896000 	C:\WINDOWS\SYSTEM32\dhcpcsvc6.DLL
0x00007ffbbb860000 - 0x00007ffbbb87a000 	C:\WINDOWS\SYSTEM32\dhcpcsvc.DLL

VM Arguments:
jvm_args: -Dcom.sun.management.jmxremote -Dcom.sun.management.jmxremote.port=53130 -Dcom.sun.management.jmxremote.authenticate=false -Dcom.sun.management.jmxremote.ssl=false -Djava.rmi.server.hostname=localhost -Dspring.liveBeansView.mbeanDomain -Dspring.application.admin.enabled=true -Xverify:none -XX:TieredStopAtLevel=1 -Dfile.encoding=UTF-8 
java_command: com.moneymoney.app.Mmbank.MmbankApplication --spring.output.ansi.enabled=always
java_class_path (initial): C:\zuulmmbank\Mmbank\Mmbank\target\classes;C:\Users\jharish\.m2\repository\org\springframework\boot\spring-boot-starter-amqp\2.1.2.RELEASE\spring-boot-starter-amqp-2.1.2.RELEASE.jar;C:\Users\jharish\.m2\repository\org\springframework\boot\spring-boot-starter\2.1.2.RELEASE\spring-boot-starter-2.1.2.RELEASE.jar;C:\Users\jharish\.m2\repository\org\springframework\boot\spring-boot\2.1.2.RELEASE\spring-boot-2.1.2.RELEASE.jar;C:\Users\jharish\.m2\repository\org\springframework\boot\spring-boot-autoconfigure\2.1.2.RELEASE\spring-boot-autoconfigure-2.1.2.RELEASE.jar;C:\Users\jharish\.m2\repository\org\springframework\boot\spring-boot-starter-logging\2.1.2.RELEASE\spring-boot-starter-logging-2.1.2.RELEASE.jar;C:\Users\jharish\.m2\repository\ch\qos\logback\logback-classic\1.2.3\logback-classic-1.2.3.jar;C:\Users\jharish\.m2\repository\ch\qos\logback\logback-core\1.2.3\logback-core-1.2.3.jar;C:\Users\jharish\.m2\repository\org\apache\logging\log4j\log4j-to-slf4j\2.11.1\log4j-to-slf4j-2.11.1.jar;C:\Users\jharish\.m2\repository\org\apache\logging\log4j\log4j-api\2.11.1\log4j-api-2.11.1.jar;C:\Users\jharish\.m2\repository\org\slf4j\jul-to-slf4j\1.7.25\jul-to-slf4j-1.7.25.jar;C:\Users\jharish\.m2\repository\javax\annotation\javax.annotation-api\1.3.2\javax.annotation-api-1.3.2.jar;C:\Users\jharish\.m2\repository\org\yaml\snakeyaml\1.23\snakeyaml-1.23.jar;C:\Users\jharish\.m2\repository\org\springframework\spring-messaging\5.1.4.RELEASE\spring-messaging-5.1.4.RELEASE.jar;C:\Users\jharish\.m2\repository\org\springframework\spring-beans\5.1.4.RELEASE\spring-beans-5.1.4.RELEASE.jar;C:\Users\jharish\.m2\repository\org\springframework\amqp\spring-rabbit\2.1.3.RELEASE\spring-rabbit-2.1.3.RELEASE.jar;C:\Users\jharish\.m2\repository\org\springframework\amqp\spring-amqp\2.1.3.RELEASE\spring-amqp-2.1.3.RELEASE.jar;C:\Users\jharish\.m2\repository\org\springframework\retry\spring-retry\1.2.3.RELEASE\spring-retry-1.2.3.RELEASE.jar;C:\Users\jharish\.m2\repository\com
Launcher Type: SUN_STANDARD

Environment Variables:
PATH=C:/Program Files/Java/jre1.8.0_121/bin/server;C:/Program Files/Java/jre1.8.0_121/bin;C:/Program Files/Java/jre1.8.0_121/lib/amd64;C:\Python34\;C:\Python34\Scripts;C:\oraclexe\app\oracle\product\11.2.0\server\bin;C:\ProgramData\Oracle\Java\javapath;C:\WINDOWS\system32;C:\WINDOWS;C:\WINDOWS\System32\Wbem;C:\WINDOWS\System32\WindowsPowerShell\v1.0\;C:\Program Files\TortoiseSVN\bin;C:\Program Files\nodejs\;C:\Program Files\Git\cmd;C:\Program Files (x86)\Microsoft SQL Server\110\Tools\Binn\ManagementStudio\;C:\Program Files (x86)\Microsoft SQL Server\110\Tools\Binn\;C:\Program Files (x86)\Microsoft SQL Server\110\DTS\Binn\;C:\Program Files\Citrix\System32\;C:\Program Files\Citrix\ICAService\;C:\WINDOWS\System32\OpenSSH\;C:\Users\jharish\AppData\Local\Microsoft\WindowsApps;;C:\Users\jharish\Desktop\New folder (2)\spring-tool-suite-3.9.7.RELEASE-e4.10.0-win32-x86_64\sts-bundle\sts-3.9.7.RELEASE;
USERNAME=jharish
OS=Windows_NT
PROCESSOR_IDENTIFIER=Intel64 Family 15 Model 6 Stepping 1, GenuineIntel



---------------  S Y S T E M  ---------------

OS: Windows 10.0 , 64 bit Build 17134 (10.0.17134.1)

CPU:total 4 (2 cores per cpu, 1 threads per core) family 15 model 6 stepping 1, cmov, cx8, fxsr, mmx, sse, sse2, sse3, ssse3, sse4.1, sse4.2, popcnt, avx, avx2, aes, clmul, erms, rtm, 3dnowpref, lzcnt, tsc, bmi1, bmi2, adx

Memory: 4k page, physical 8388056k(1008476k free), swap 18697820k(3964k free)

vm_info: Java HotSpot(TM) 64-Bit Server VM (25.121-b13) for windows-amd64 JRE (1.8.0_121-b13), built on Dec 12 2016 18:21:36 by "java_re" with MS VC++ 10.0 (VS2010)

time: Wed Jan 30 12:14:16 2019
elapsed time: 7 seconds (0d 0h 0m 7s)

