#
# There is insufficient memory for the Java Runtime Environment to continue.
# Native memory allocation (malloc) failed to allocate 32744 bytes for ChunkPool::allocate
# Possible reasons:
#   The system is out of physical RAM or swap space
#   In 32 bit mode, the process size limit was hit
# Possible solutions:
#   Reduce memory load on the system
#   Increase physical memory or swap space
#   Check if swap backing store is full
#   Use 64 bit Java on a 64 bit OS
#   Decrease Java heap size (-Xmx/-Xms)
#   Decrease number of Java threads
#   Decrease Java thread stack sizes (-Xss)
#   Set larger code cache with -XX:ReservedCodeCacheSize=
# This output file may be truncated or incomplete.
#
#  Out of Memory Error (allocation.cpp:273), pid=19892, tid=0x0000000000004434
#
# JRE version: Java(TM) SE Runtime Environment (8.0_121-b13) (build 1.8.0_121-b13)
# Java VM: Java HotSpot(TM) 64-Bit Server VM (25.121-b13 mixed mode windows-amd64 compressed oops)
# Failed to write core dump. Minidumps are not enabled by default on client versions of Windows
#

---------------  T H R E A D  ---------------

Current thread (0x0000000018270000):  JavaThread "C1 CompilerThread2" daemon [_thread_in_native, id=17460, stack(0x0000000019a90000,0x0000000019b90000)]

Stack: [0x0000000019a90000,0x0000000019b90000]
[error occurred during error reporting (printing stack bounds), id 0xc0000005]

Native frames: (J=compiled Java code, j=interpreted, Vv=VM code, C=native code)


Current CompileTask:
C1:  25053 4977       1       sun.misc.ProxyGenerator$ProxyMethod::generateMethod (733 bytes)


---------------  P R O C E S S  ---------------

Java Threads: ( => current thread )
  0x000000001e6a3800 JavaThread "RMI TCP Connection(7)-127.0.0.1" daemon [_thread_in_native, id=34096, stack(0x0000000023170000,0x0000000023270000)]
  0x000000001e6a2000 JavaThread "RMI TCP Connection(8)-127.0.0.1" daemon [_thread_in_native, id=20720, stack(0x0000000023070000,0x0000000023170000)]
  0x000000001e6a1000 JavaThread "RMI TCP Connection(6)-127.0.0.1" daemon [_thread_in_native, id=29456, stack(0x0000000022f70000,0x0000000023070000)]
  0x000000001e6a0800 JavaThread "RMI TCP Connection(4)-127.0.0.1" daemon [_thread_in_native, id=17348, stack(0x0000000022e70000,0x0000000022f70000)]
  0x000000001e69f800 JavaThread "RMI TCP Connection(5)-127.0.0.1" daemon [_thread_in_native, id=11244, stack(0x0000000022d70000,0x0000000022e70000)]
  0x000000001e69c000 JavaThread "RMI TCP Connection(3)-127.0.0.1" daemon [_thread_in_native, id=25788, stack(0x0000000022c70000,0x0000000022d70000)]
  0x000000001e69f000 JavaThread "DestroyJavaVM" [_thread_blocked, id=31380, stack(0x00000000033f0000,0x00000000034f0000)]
  0x000000001e69e000 JavaThread "http-nio-8761-Acceptor-0" daemon [_thread_in_native, id=892, stack(0x0000000022870000,0x0000000022970000)]
  0x000000001e6a2800 JavaThread "http-nio-8761-ClientPoller-1" daemon [_thread_in_native, id=9380, stack(0x0000000022770000,0x0000000022870000)]
  0x000000001e694800 JavaThread "http-nio-8761-ClientPoller-0" daemon [_thread_in_native, id=27952, stack(0x0000000022670000,0x0000000022770000)]
  0x000000001e69b000 JavaThread "http-nio-8761-exec-10" daemon [_thread_blocked, id=25452, stack(0x0000000022570000,0x0000000022670000)]
  0x000000001e699000 JavaThread "http-nio-8761-exec-9" daemon [_thread_blocked, id=18404, stack(0x0000000022470000,0x0000000022570000)]
  0x000000001e697800 JavaThread "http-nio-8761-exec-8" daemon [_thread_blocked, id=39856, stack(0x0000000022370000,0x0000000022470000)]
  0x000000001e696800 JavaThread "http-nio-8761-exec-7" daemon [_thread_blocked, id=14480, stack(0x0000000022270000,0x0000000022370000)]
  0x000000001e69a800 JavaThread "http-nio-8761-exec-6" daemon [_thread_blocked, id=19444, stack(0x0000000022170000,0x0000000022270000)]
  0x000000001e695000 JavaThread "http-nio-8761-exec-5" daemon [_thread_blocked, id=29356, stack(0x0000000022070000,0x0000000022170000)]
  0x000000001e698000 JavaThread "http-nio-8761-exec-4" daemon [_thread_blocked, id=10496, stack(0x0000000021f70000,0x0000000022070000)]
  0x000000001e696000 JavaThread "http-nio-8761-exec-3" daemon [_thread_blocked, id=34176, stack(0x0000000021e70000,0x0000000021f70000)]
  0x000000001e699800 JavaThread "http-nio-8761-exec-2" daemon [_thread_blocked, id=24352, stack(0x0000000021d70000,0x0000000021e70000)]
  0x000000001e62b800 JavaThread "http-nio-8761-exec-1" daemon [_thread_blocked, id=33100, stack(0x0000000021c70000,0x0000000021d70000)]
  0x000000001e629800 JavaThread "NioBlockingSelector.BlockPoller-1" daemon [_thread_in_native, id=11048, stack(0x0000000021b70000,0x0000000021c70000)]
  0x000000001e628800 JavaThread "Eureka-CacheFillTimer" daemon [_thread_blocked, id=33300, stack(0x0000000021970000,0x0000000021a70000)]
  0x000000001e628000 JavaThread "Eureka-PeerNodesUpdater" daemon [_thread_blocked, id=30232, stack(0x0000000021870000,0x0000000021970000)]
  0x000000001e62b000 JavaThread "TaskNonBatchingWorker-localhost-0" daemon [_thread_blocked, id=27748, stack(0x0000000021770000,0x0000000021870000)]
  0x000000001e62a000 JavaThread "TaskAcceptor-localhost" daemon [_thread_blocked, id=33312, stack(0x0000000021670000,0x0000000021770000)]
  0x000000001e622000 JavaThread "TaskBatchingWorker-target_localhost-19" daemon [_thread_blocked, id=11040, stack(0x0000000021570000,0x0000000021670000)]
  0x000000001e627000 JavaThread "TaskBatchingWorker-target_localhost-18" daemon [_thread_blocked, id=23556, stack(0x0000000021470000,0x0000000021570000)]
  0x000000001e61f800 JavaThread "TaskBatchingWorker-target_localhost-17" daemon [_thread_blocked, id=24356, stack(0x0000000021370000,0x0000000021470000)]
  0x000000001e620800 JavaThread "TaskBatchingWorker-target_localhost-16" daemon [_thread_blocked, id=38356, stack(0x0000000021270000,0x0000000021370000)]
  0x000000001e626800 JavaThread "TaskBatchingWorker-target_localhost-15" daemon [_thread_blocked, id=3936, stack(0x0000000021170000,0x0000000021270000)]
  0x000000001e625000 JavaThread "TaskBatchingWorker-target_localhost-14" daemon [_thread_blocked, id=26560, stack(0x0000000021070000,0x0000000021170000)]
  0x000000001e625800 JavaThread "TaskBatchingWorker-target_localhost-13" daemon [_thread_blocked, id=15028, stack(0x0000000020f70000,0x0000000021070000)]
  0x000000001e61d800 JavaThread "TaskBatchingWorker-target_localhost-12" daemon [_thread_blocked, id=32408, stack(0x0000000020e70000,0x0000000020f70000)]
  0x000000001e621000 JavaThread "TaskBatchingWorker-target_localhost-11" daemon [_thread_blocked, id=29516, stack(0x0000000020d70000,0x0000000020e70000)]
  0x000000001e624000 JavaThread "TaskBatchingWorker-target_localhost-10" daemon [_thread_blocked, id=22888, stack(0x0000000020c70000,0x0000000020d70000)]
  0x000000001e61e000 JavaThread "TaskBatchingWorker-target_localhost-9" daemon [_thread_blocked, id=30668, stack(0x0000000020b70000,0x0000000020c70000)]
  0x000000001e61f000 JavaThread "TaskBatchingWorker-target_localhost-8" daemon [_thread_blocked, id=34612, stack(0x0000000020a70000,0x0000000020b70000)]
  0x000000001e623800 JavaThread "TaskBatchingWorker-target_localhost-7" daemon [_thread_blocked, id=24144, stack(0x0000000020970000,0x0000000020a70000)]
  0x000000001e622800 JavaThread "TaskBatchingWorker-target_localhost-6" daemon [_thread_blocked, id=34296, stack(0x0000000020870000,0x0000000020970000)]
  0x000000001e61c800 JavaThread "TaskBatchingWorker-target_localhost-5" daemon [_thread_blocked, id=24648, stack(0x0000000020770000,0x0000000020870000)]
  0x000000001e558000 JavaThread "TaskBatchingWorker-target_localhost-4" daemon [_thread_blocked, id=17908, stack(0x0000000020670000,0x0000000020770000)]
  0x000000001e55b000 JavaThread "TaskBatchingWorker-target_localhost-3" daemon [_thread_blocked, id=13828, stack(0x0000000020570000,0x0000000020670000)]
  0x000000001e556800 JavaThread "TaskBatchingWorker-target_localhost-2" daemon [_thread_blocked, id=35152, stack(0x0000000020470000,0x0000000020570000)]
  0x000000001e55a800 JavaThread "TaskBatchingWorker-target_localhost-1" daemon [_thread_blocked, id=23364, stack(0x0000000020370000,0x0000000020470000)]
  0x000000001e559800 JavaThread "TaskBatchingWorker-target_localhost-0" daemon [_thread_blocked, id=13832, stack(0x0000000020270000,0x0000000020370000)]
  0x000000001e556000 JavaThread "StatsMonitor-0" daemon [_thread_blocked, id=31952, stack(0x0000000020170000,0x0000000020270000)]
  0x000000001e555000 JavaThread "TaskAcceptor-target_localhost" daemon [_thread_blocked, id=5284, stack(0x000000001ff70000,0x0000000020070000)]
  0x000000001e559000 JavaThread "Eureka-JerseyClient-Conn-Cleaner2" daemon [_thread_blocked, id=11648, stack(0x000000001fe70000,0x000000001ff70000)]
  0x000000001e554800 JavaThread "Eureka-MeasureRateTimer" daemon [_thread_blocked, id=14688, stack(0x000000001fb70000,0x000000001fc70000)]
  0x000000001e557800 JavaThread "ReplicaAwareInstanceRegistry - RenewalThresholdUpdater" daemon [_thread_blocked, id=30480, stack(0x000000001fa70000,0x000000001fb70000)]
  0x000000001bad7000 JavaThread "Eureka-MeasureRateTimer" daemon [_thread_blocked, id=18700, stack(0x000000001f970000,0x000000001fa70000)]
  0x000000001bad7800 JavaThread "Eureka-EvictionTimer" daemon [_thread_blocked, id=18200, stack(0x000000001f870000,0x000000001f970000)]
  0x000000001bad6000 JavaThread "Eureka-DeltaRetentionTimer" daemon [_thread_blocked, id=30564, stack(0x000000001f770000,0x000000001f870000)]
  0x000000001bad9000 JavaThread "container-0" [_thread_blocked, id=34160, stack(0x000000001e2a0000,0x000000001e3a0000)]
  0x000000001bad8800 JavaThread "Catalina-utility-1" [_thread_blocked, id=33424, stack(0x000000001e1a0000,0x000000001e2a0000)]
  0x0000000019e7f000 JavaThread "spring.cloud.inetutils" daemon [_thread_blocked, id=19372, stack(0x000000001dca0000,0x000000001dda0000)]
  0x000000001c4a9800 JavaThread "SimplePauseDetectorThread_0" daemon [_thread_blocked, id=10412, stack(0x000000001d9a0000,0x000000001daa0000)]
  0x000000001c4a8800 JavaThread "Thread-5" daemon [_thread_blocked, id=7204, stack(0x000000001d8a0000,0x000000001d9a0000)]
  0x000000001a578000 JavaThread "JMX server connection timeout 17" daemon [_thread_blocked, id=31608, stack(0x000000001b0d0000,0x000000001b1d0000)]
  0x000000001a570800 JavaThread "RMI TCP Connection(2)-127.0.0.1" daemon [_thread_in_native, id=34256, stack(0x000000001afd0000,0x000000001b0d0000)]
  0x000000001a4e1800 JavaThread "RMI Scheduler(0)" daemon [_thread_blocked, id=28828, stack(0x000000001aed0000,0x000000001afd0000)]
  0x000000001a551000 JavaThread "RMI TCP Connection(1)-127.0.0.1" daemon [_thread_in_native, id=35224, stack(0x000000001add0000,0x000000001aed0000)]
  0x000000001a4d0000 JavaThread "RMI TCP Accept-0" daemon [_thread_in_native, id=5988, stack(0x000000001aa90000,0x000000001ab90000)]
  0x000000001a4c3000 JavaThread "RMI TCP Accept-53216" daemon [_thread_in_native, id=23428, stack(0x000000001a990000,0x000000001aa90000)]
  0x000000001a4b9800 JavaThread "RMI TCP Accept-0" daemon [_thread_in_native, id=5316, stack(0x000000001a890000,0x000000001a990000)]
  0x0000000019bc0800 JavaThread "Service Thread" daemon [_thread_blocked, id=13612, stack(0x0000000019f90000,0x000000001a090000)]
=>0x0000000018270000 JavaThread "C1 CompilerThread2" daemon [_thread_in_native, id=17460, stack(0x0000000019a90000,0x0000000019b90000)]
  0x000000001824c800 JavaThread "C2 CompilerThread1" daemon [_thread_blocked, id=25728, stack(0x0000000019990000,0x0000000019a90000)]
  0x0000000018247000 JavaThread "C2 CompilerThread0" daemon [_thread_blocked, id=18716, stack(0x0000000019890000,0x0000000019990000)]
  0x0000000018243800 JavaThread "Attach Listener" daemon [_thread_blocked, id=3900, stack(0x0000000019790000,0x0000000019890000)]
  0x0000000018242800 JavaThread "Signal Dispatcher" daemon [_thread_blocked, id=25756, stack(0x0000000019690000,0x0000000019790000)]
  0x000000001822c000 JavaThread "Finalizer" daemon [_thread_blocked, id=31592, stack(0x00000000194a0000,0x00000000195a0000)]
  0x00000000035e6000 JavaThread "Reference Handler" daemon [_thread_blocked, id=26376, stack(0x00000000193a0000,0x00000000194a0000)]

Other Threads:
  0x0000000018207800 VMThread [stack: 0x00000000192a0000,0x00000000193a0000] [id=32772]
  0x000000001a4d8000 WatcherThread [stack: 0x000000001ab90000,0x000000001ac90000] [id=35328]

VM state:not at safepoint (normal execution)

VM Mutex/Monitor currently owned by a thread: None

Heap:
 PSYoungGen      total 204800K, used 154168K [0x00000000d5580000, 0x00000000e6e00000, 0x0000000100000000)
  eden space 189952K, 73% used [0x00000000d5580000,0x00000000ddeab1f0,0x00000000e0f00000)
  from space 14848K, 92% used [0x00000000e0f00000,0x00000000e1c62eb0,0x00000000e1d80000)
  to   space 16384K, 0% used [0x00000000e5e00000,0x00000000e5e00000,0x00000000e6e00000)
 ParOldGen       total 86528K, used 22370K [0x0000000080000000, 0x0000000085480000, 0x00000000d5580000)
  object space 86528K, 25% used [0x0000000080000000,0x00000000815d8880,0x0000000085480000)
 Metaspace       used 50875K, capacity 53296K, committed 53464K, reserved 1095680K
  class space    used 7168K, capacity 7612K, committed 7680K, reserved 1048576K

Card table byte_map: [0x00000000129b0000,0x0000000012dc0000] byte_map_base: 0x00000000125b0000

Marking Bits: (ParMarkBitMap*) 0x0000000051feb6d0
 Begin Bits: [0x0000000013470000, 0x0000000015470000)
 End Bits:   [0x0000000015470000, 0x0000000017470000)

Polling page: 0x0000000003260000

CodeCache: size=245760Kb used=9647Kb max_used=9698Kb free=236112Kb
 bounds [0x00000000035f0000, 0x0000000003f70000, 0x00000000125f0000]
 total_blobs=5392 nmethods=4874 adapters=430
 compilation: enabled

Compilation events (10 events):
Event: 25.035 Thread 0x0000000018270000 nmethod 4972 0x0000000003a3c790 code [0x0000000003a3c8e0, 0x0000000003a3c9f0]
Event: 25.036 Thread 0x0000000018270000 4973       1       java.nio.HeapByteBuffer::put (16 bytes)
Event: 25.036 Thread 0x0000000018270000 nmethod 4973 0x0000000003b312d0 code [0x0000000003b31440, 0x0000000003b31608]
Event: 25.036 Thread 0x0000000018270000 4974       1       java.nio.Buffer::nextPutIndex (31 bytes)
Event: 25.036 Thread 0x0000000018270000 nmethod 4974 0x0000000003b30f10 code [0x0000000003b31080, 0x0000000003b31208]
Event: 25.037 Thread 0x0000000018270000 4975       1       io.micrometer.core.instrument.ImmutableTag::getKey (5 bytes)
Event: 25.037 Thread 0x0000000018270000 nmethod 4975 0x0000000003b30c50 code [0x0000000003b30da0, 0x0000000003b30eb0]
Event: 25.037 Thread 0x0000000018270000 4976       1       org.apache.tomcat.util.buf.AbstractChunk::recycle (21 bytes)
Event: 25.037 Thread 0x0000000018270000 nmethod 4976 0x0000000003b30950 code [0x0000000003b30aa0, 0x0000000003b30bd0]
Event: 25.046 Thread 0x0000000018270000 4977       1       sun.misc.ProxyGenerator$ProxyMethod::generateMethod (733 bytes)

GC Heap History (10 events):
Event: 3.845 GC heap before
{Heap before GC invocations=7 (full 1):
 PSYoungGen      total 71680K, used 66560K [0x00000000d5580000, 0x00000000de880000, 0x0000000100000000)
  eden space 66560K, 100% used [0x00000000d5580000,0x00000000d9680000,0x00000000d9680000)
  from space 5120K, 0% used [0x00000000d9680000,0x00000000d9680000,0x00000000d9b80000)
  to   space 8704K, 0% used [0x00000000de000000,0x00000000de000000,0x00000000de880000)
 ParOldGen       total 51200K, used 6590K [0x0000000080000000, 0x0000000083200000, 0x00000000d5580000)
  object space 51200K, 12% used [0x0000000080000000,0x000000008066f968,0x0000000083200000)
 Metaspace       used 25110K, capacity 26016K, committed 26240K, reserved 1071104K
  class space    used 3401K, capacity 3601K, committed 3712K, reserved 1048576K
Event: 3.860 GC heap after
Heap after GC invocations=7 (full 1):
 PSYoungGen      total 120832K, used 5815K [0x00000000d5580000, 0x00000000de600000, 0x0000000100000000)
  eden space 114688K, 0% used [0x00000000d5580000,0x00000000d5580000,0x00000000dc580000)
  from space 6144K, 94% used [0x00000000de000000,0x00000000de5ade90,0x00000000de600000)
  to   space 8192K, 0% used [0x00000000dd600000,0x00000000dd600000,0x00000000dde00000)
 ParOldGen       total 51200K, used 6662K [0x0000000080000000, 0x0000000083200000, 0x00000000d5580000)
  object space 51200K, 13% used [0x0000000080000000,0x0000000080681978,0x0000000083200000)
 Metaspace       used 25110K, capacity 26016K, committed 26240K, reserved 1071104K
  class space    used 3401K, capacity 3601K, committed 3712K, reserved 1048576K
}
Event: 4.806 GC heap before
{Heap before GC invocations=8 (full 1):
 PSYoungGen      total 120832K, used 120503K [0x00000000d5580000, 0x00000000de600000, 0x0000000100000000)
  eden space 114688K, 100% used [0x00000000d5580000,0x00000000dc580000,0x00000000dc580000)
  from space 6144K, 94% used [0x00000000de000000,0x00000000de5ade90,0x00000000de600000)
  to   space 8192K, 0% used [0x00000000dd600000,0x00000000dd600000,0x00000000dde00000)
 ParOldGen       total 51200K, used 6662K [0x0000000080000000, 0x0000000083200000, 0x00000000d5580000)
  object space 51200K, 13% used [0x0000000080000000,0x0000000080681978,0x0000000083200000)
 Metaspace       used 28063K, capacity 29056K, committed 29312K, reserved 1075200K
  class space    used 3887K, capacity 4127K, committed 4224K, reserved 1048576K
Event: 4.823 GC heap after
Heap after GC invocations=8 (full 1):
 PSYoungGen      total 139776K, used 8165K [0x00000000d5580000, 0x00000000e2800000, 0x0000000100000000)
  eden space 131584K, 0% used [0x00000000d5580000,0x00000000d5580000,0x00000000dd600000)
  from space 8192K, 99% used [0x00000000dd600000,0x00000000dddf9640,0x00000000dde00000)
  to   space 10752K, 0% used [0x00000000e1d80000,0x00000000e1d80000,0x00000000e2800000)
 ParOldGen       total 51200K, used 9909K [0x0000000080000000, 0x0000000083200000, 0x00000000d5580000)
  object space 51200K, 19% used [0x0000000080000000,0x00000000809ad660,0x0000000083200000)
 Metaspace       used 28063K, capacity 29056K, committed 29312K, reserved 1075200K
  class space    used 3887K, capacity 4127K, committed 4224K, reserved 1048576K
}
Event: 5.803 GC heap before
{Heap before GC invocations=9 (full 1):
 PSYoungGen      total 139776K, used 107286K [0x00000000d5580000, 0x00000000e2800000, 0x0000000100000000)
  eden space 131584K, 75% used [0x00000000d5580000,0x00000000db64c1c8,0x00000000dd600000)
  from space 8192K, 99% used [0x00000000dd600000,0x00000000dddf9640,0x00000000dde00000)
  to   space 10752K, 0% used [0x00000000e1d80000,0x00000000e1d80000,0x00000000e2800000)
 ParOldGen       total 51200K, used 9909K [0x0000000080000000, 0x0000000083200000, 0x00000000d5580000)
  object space 51200K, 19% used [0x0000000080000000,0x00000000809ad660,0x0000000083200000)
 Metaspace       used 33868K, capacity 35354K, committed 35416K, reserved 1079296K
  class space    used 4643K, capacity 4946K, committed 4992K, reserved 1048576K
Event: 5.827 GC heap after
Heap after GC invocations=9 (full 1):
 PSYoungGen      total 200704K, used 10741K [0x00000000d5580000, 0x00000000e4a00000, 0x0000000100000000)
  eden space 189952K, 0% used [0x00000000d5580000,0x00000000d5580000,0x00000000e0f00000)
  from space 10752K, 99% used [0x00000000e1d80000,0x00000000e27fd6b0,0x00000000e2800000)
  to   space 14848K, 0% used [0x00000000e0f00000,0x00000000e0f00000,0x00000000e1d80000)
 ParOldGen       total 51200K, used 17030K [0x0000000080000000, 0x0000000083200000, 0x00000000d5580000)
  object space 51200K, 33% used [0x0000000080000000,0x00000000810a1848,0x0000000083200000)
 Metaspace       used 33868K, capacity 35354K, committed 35416K, reserved 1079296K
  class space    used 4643K, capacity 4946K, committed 4992K, reserved 1048576K
}
Event: 5.827 GC heap before
{Heap before GC invocations=10 (full 2):
 PSYoungGen      total 200704K, used 10741K [0x00000000d5580000, 0x00000000e4a00000, 0x0000000100000000)
  eden space 189952K, 0% used [0x00000000d5580000,0x00000000d5580000,0x00000000e0f00000)
  from space 10752K, 99% used [0x00000000e1d80000,0x00000000e27fd6b0,0x00000000e2800000)
  to   space 14848K, 0% used [0x00000000e0f00000,0x00000000e0f00000,0x00000000e1d80000)
 ParOldGen       total 51200K, used 17030K [0x0000000080000000, 0x0000000083200000, 0x00000000d5580000)
  object space 51200K, 33% used [0x0000000080000000,0x00000000810a1848,0x0000000083200000)
 Metaspace       used 33868K, capacity 35354K, committed 35416K, reserved 1079296K
  class space    used 4643K, capacity 4946K, committed 4992K, reserved 1048576K
Event: 5.923 GC heap after
Heap after GC invocations=10 (full 2):
 PSYoungGen      total 200704K, used 0K [0x00000000d5580000, 0x00000000e4a00000, 0x0000000100000000)
  eden space 189952K, 0% used [0x00000000d5580000,0x00000000d5580000,0x00000000e0f00000)
  from space 10752K, 0% used [0x00000000e1d80000,0x00000000e1d80000,0x00000000e2800000)
  to   space 14848K, 0% used [0x00000000e0f00000,0x00000000e0f00000,0x00000000e1d80000)
 ParOldGen       total 86528K, used 22362K [0x0000000080000000, 0x0000000085480000, 0x00000000d5580000)
  object space 86528K, 25% used [0x0000000080000000,0x00000000815d6880,0x0000000085480000)
 Metaspace       used 33868K, capacity 35354K, committed 35416K, reserved 1079296K
  class space    used 4643K, capacity 4946K, committed 4992K, reserved 1048576K
}
Event: 8.114 GC heap before
{Heap before GC invocations=11 (full 2):
 PSYoungGen      total 200704K, used 189952K [0x00000000d5580000, 0x00000000e4a00000, 0x0000000100000000)
  eden space 189952K, 100% used [0x00000000d5580000,0x00000000e0f00000,0x00000000e0f00000)
  from space 10752K, 0% used [0x00000000e1d80000,0x00000000e1d80000,0x00000000e2800000)
  to   space 14848K, 0% used [0x00000000e0f00000,0x00000000e0f00000,0x00000000e1d80000)
 ParOldGen       total 86528K, used 22362K [0x0000000080000000, 0x0000000085480000, 0x00000000d5580000)
  object space 86528K, 25% used [0x0000000080000000,0x00000000815d6880,0x0000000085480000)
 Metaspace       used 42455K, capacity 44442K, committed 44504K, reserved 1087488K
  class space    used 6016K, capacity 6390K, committed 6400K, reserved 1048576K
Event: 8.137 GC heap after
Heap after GC invocations=11 (full 2):
 PSYoungGen      total 204800K, used 13707K [0x00000000d5580000, 0x00000000e6e00000, 0x0000000100000000)
  eden space 189952K, 0% used [0x00000000d5580000,0x00000000d5580000,0x00000000e0f00000)
  from space 14848K, 92% used [0x00000000e0f00000,0x00000000e1c62eb0,0x00000000e1d80000)
  to   space 16384K, 0% used [0x00000000e5e00000,0x00000000e5e00000,0x00000000e6e00000)
 ParOldGen       total 86528K, used 22370K [0x0000000080000000, 0x0000000085480000, 0x00000000d5580000)
  object space 86528K, 25% used [0x0000000080000000,0x00000000815d8880,0x0000000085480000)
 Metaspace       used 42455K, capacity 44442K, committed 44504K, reserved 1087488K
  class space    used 6016K, capacity 6390K, committed 6400K, reserved 1048576K
}

Deoptimization events (0 events):
No events

Internal exceptions (10 events):
Event: 8.994 Thread 0x00000000034f8000 Exception <a 'java/lang/ArrayIndexOutOfBoundsException'> (0x00000000da0c1350) thrown at [C:\re\workspace\8-2-build-windows-amd64-cygwin\jdk8u121\8372\hotspot\src\share\vm\runtime\sharedRuntime.cpp, line 605]
Event: 24.315 Thread 0x000000001e699800 Exception <a 'java/lang/ArrayIndexOutOfBoundsException'> (0x00000000dceb7b68) thrown at [C:\re\workspace\8-2-build-windows-amd64-cygwin\jdk8u121\8372\hotspot\src\share\vm\runtime\sharedRuntime.cpp, line 605]
Event: 24.971 Thread 0x000000001e626800 Exception <a 'java/lang/ArrayIndexOutOfBoundsException'> (0x00000000dd94fc50) thrown at [C:\re\workspace\8-2-build-windows-amd64-cygwin\jdk8u121\8372\hotspot\src\share\vm\runtime\sharedRuntime.cpp, line 605]
Event: 24.974 Thread 0x000000001e626800 Exception <a 'java/lang/ArrayIndexOutOfBoundsException'> (0x00000000dd9955b8) thrown at [C:\re\workspace\8-2-build-windows-amd64-cygwin\jdk8u121\8372\hotspot\src\share\vm\runtime\sharedRuntime.cpp, line 605]
Event: 24.984 Thread 0x000000001e626800 Exception <a 'java/lang/ArrayIndexOutOfBoundsException'> (0x00000000dda82ef0) thrown at [C:\re\workspace\8-2-build-windows-amd64-cygwin\jdk8u121\8372\hotspot\src\share\vm\runtime\sharedRuntime.cpp, line 605]
Event: 25.001 Thread 0x000000001e696000 Exception <a 'java/lang/ArrayIndexOutOfBoundsException'> (0x00000000ddb9c298) thrown at [C:\re\workspace\8-2-build-windows-amd64-cygwin\jdk8u121\8372\hotspot\src\share\vm\runtime\sharedRuntime.cpp, line 605]
Event: 25.001 Thread 0x000000001e626800 Exception <a 'java/lang/ArrayIndexOutOfBoundsException'> (0x00000000ddb3fe20) thrown at [C:\re\workspace\8-2-build-windows-amd64-cygwin\jdk8u121\8372\hotspot\src\share\vm\runtime\sharedRuntime.cpp, line 605]
Event: 25.001 Thread 0x000000001e696000 Exception <a 'java/lang/ArrayIndexOutOfBoundsException'> (0x00000000ddba0ef8) thrown at [C:\re\workspace\8-2-build-windows-amd64-cygwin\jdk8u121\8372\hotspot\src\share\vm\runtime\sharedRuntime.cpp, line 605]
Event: 25.035 Thread 0x000000001e696000 Exception <a 'java/lang/ArrayIndexOutOfBoundsException'> (0x00000000ddc10658) thrown at [C:\re\workspace\8-2-build-windows-amd64-cygwin\jdk8u121\8372\hotspot\src\share\vm\runtime\sharedRuntime.cpp, line 605]
Event: 25.035 Thread 0x000000001e696000 Exception <a 'java/lang/ArrayIndexOutOfBoundsException'> (0x00000000ddc12550) thrown at [C:\re\workspace\8-2-build-windows-amd64-cygwin\jdk8u121\8372\hotspot\src\share\vm\runtime\sharedRuntime.cpp, line 605]

Events (10 events):
Event: 25.048 loading class org/apache/http/conn/EofSensorInputStream done
Event: 25.048 loading class com/sun/jersey/api/client/Statuses
Event: 25.048 loading class com/sun/jersey/api/client/Statuses done
Event: 25.049 loading class com/sun/jersey/api/client/ClientResponse$Status
Event: 25.049 loading class com/sun/jersey/api/client/ClientResponse$Status done
Event: 25.050 Executing VM operation: RevokeBias
Event: 25.050 Executing VM operation: RevokeBias done
Event: 25.050 Executing VM operation: RevokeBias
Event: 25.050 Executing VM operation: RevokeBias done
Event: 25.050 Executing VM operation: RevokeBias


Dynamic libraries:
0x00007ff6877f0000 - 0x00007ff687827000 	C:\Program Files\Java\jre1.8.0_121\bin\javaw.exe
0x00007ffbc5430000 - 0x00007ffbc5611000 	C:\WINDOWS\SYSTEM32\ntdll.dll
0x00007ffbc2950000 - 0x00007ffbc2a02000 	C:\WINDOWS\System32\KERNEL32.DLL
0x00007ffbc1ba0000 - 0x00007ffbc1e13000 	C:\WINDOWS\System32\KERNELBASE.dll
0x00007ffbc30c0000 - 0x00007ffbc3161000 	C:\WINDOWS\System32\ADVAPI32.dll
0x00007ffbc47e0000 - 0x00007ffbc487e000 	C:\WINDOWS\System32\msvcrt.dll
0x00007ffbc2a90000 - 0x00007ffbc2aeb000 	C:\WINDOWS\System32\sechost.dll
0x00007ffbc4fd0000 - 0x00007ffbc50f4000 	C:\WINDOWS\System32\RPCRT4.dll
0x00007ffbc4d60000 - 0x00007ffbc4ef0000 	C:\WINDOWS\System32\USER32.dll
0x00007ffbc2600000 - 0x00007ffbc2620000 	C:\WINDOWS\System32\win32u.dll
0x00007ffbc28c0000 - 0x00007ffbc28e8000 	C:\WINDOWS\System32\GDI32.dll
0x00007ffbc2620000 - 0x00007ffbc27b2000 	C:\WINDOWS\System32\gdi32full.dll
0x00007ffbc2820000 - 0x00007ffbc28bf000 	C:\WINDOWS\System32\msvcp_win.dll
0x00007ffbc19f0000 - 0x00007ffbc1aea000 	C:\WINDOWS\System32\ucrtbase.dll
0x00007ffbbf980000 - 0x00007ffbbfbe9000 	C:\WINDOWS\WinSxS\amd64_microsoft.windows.common-controls_6595b64144ccf1df_6.0.17134.228_none_fb4599993062b194\COMCTL32.dll
0x00007ffbc2bc0000 - 0x00007ffbc2ee3000 	C:\WINDOWS\System32\combase.dll
0x00007ffbc1e70000 - 0x00007ffbc1eea000 	C:\WINDOWS\System32\bcryptPrimitives.dll
0x00007ffbc3090000 - 0x00007ffbc30bd000 	C:\WINDOWS\System32\IMM32.DLL
0x00007ffbc15e0000 - 0x00007ffbc163d000 	C:\Program Files\Citrix\System32\MfApHook64.dll
0x00007ffbc0f30000 - 0x00007ffbc0f5b000 	C:\Program Files\Citrix\ICAService\CtxDodHook64.dll
0x00007ffbc1500000 - 0x00007ffbc1532000 	C:\Program Files\Citrix\ICAService\picaFullScreenHookX64.dll
0x00007ffbc0ec0000 - 0x00007ffbc0f0e000 	C:\Program Files\Citrix\ICAService\ShellHook64.dll
0x00007ffbc3220000 - 0x00007ffbc4660000 	C:\WINDOWS\System32\SHELL32.dll
0x00007ffbc1e20000 - 0x00007ffbc1e69000 	C:\WINDOWS\System32\cfgmgr32.dll
0x00007ffbc3170000 - 0x00007ffbc3219000 	C:\WINDOWS\System32\shcore.dll
0x00007ffbc1ef0000 - 0x00007ffbc25fd000 	C:\WINDOWS\System32\windows.storage.dll
0x00007ffbc4ef0000 - 0x00007ffbc4f41000 	C:\WINDOWS\System32\shlwapi.dll
0x00007ffbc17e0000 - 0x00007ffbc17f1000 	C:\WINDOWS\System32\kernel.appcore.dll
0x00007ffbc17a0000 - 0x00007ffbc17bf000 	C:\WINDOWS\System32\profapi.dll
0x00007ffbc1750000 - 0x00007ffbc179c000 	C:\WINDOWS\System32\powrprof.dll
0x00007ffbc1740000 - 0x00007ffbc174a000 	C:\WINDOWS\System32\FLTLIB.DLL
0x00007ffbc0d40000 - 0x00007ffbc0ebc000 	C:\Program Files\Citrix\ICAService\SCardHook64.dll
0x00007ffbc0be0000 - 0x00007ffbc0c0a000 	C:\Program Files\Citrix\ICAService\cxinjime64.dll
0x00007ffbc09f0000 - 0x00007ffbc0a38000 	C:\Program Files\Citrix\ICAService\PicaWtsHook64.dll
0x0000000051440000 - 0x0000000051512000 	C:\Program Files\Java\jre1.8.0_121\bin\msvcr100.dll
0x00000000517d0000 - 0x000000005206b000 	C:\Program Files\Java\jre1.8.0_121\bin\server\jvm.dll
0x00007ffbc2a20000 - 0x00007ffbc2a28000 	C:\WINDOWS\System32\PSAPI.DLL
0x00007ffbc13f0000 - 0x00007ffbc13fa000 	C:\WINDOWS\SYSTEM32\VERSION.dll
0x00007ffbb49a0000 - 0x00007ffbb49a9000 	C:\WINDOWS\SYSTEM32\WSOCK32.dll
0x00007ffbbba30000 - 0x00007ffbbba53000 	C:\WINDOWS\SYSTEM32\WINMM.dll
0x00007ffbc4880000 - 0x00007ffbc48ec000 	C:\WINDOWS\System32\WS2_32.dll
0x00007ffbbba00000 - 0x00007ffbbba2a000 	C:\WINDOWS\SYSTEM32\WINMMBASE.dll
0x0000000052850000 - 0x000000005285f000 	C:\Program Files\Java\jre1.8.0_121\bin\verify.dll
0x0000000052820000 - 0x0000000052849000 	C:\Program Files\Java\jre1.8.0_121\bin\java.dll
0x0000000052800000 - 0x0000000052816000 	C:\Program Files\Java\jre1.8.0_121\bin\zip.dll
0x0000000052770000 - 0x000000005277d000 	C:\Program Files\Java\jre1.8.0_121\bin\management.dll
0x00000000527e0000 - 0x00000000527fa000 	C:\Program Files\Java\jre1.8.0_121\bin\net.dll
0x00007ffbc0430000 - 0x00007ffbc0496000 	C:\WINDOWS\system32\mswsock.dll
0x00000000527c0000 - 0x00000000527d1000 	C:\Program Files\Java\jre1.8.0_121\bin\nio.dll
0x00007ffbb7170000 - 0x00007ffbb7186000 	C:\WINDOWS\system32\napinsp.dll
0x00007ffbb7190000 - 0x00007ffbb71aa000 	C:\WINDOWS\system32\pnrpnsp.dll
0x00007ffbbd0f0000 - 0x00007ffbbd109000 	C:\WINDOWS\system32\NLAapi.dll
0x00007ffbc01f0000 - 0x00007ffbc02ae000 	C:\WINDOWS\SYSTEM32\DNSAPI.dll
0x00007ffbc2a10000 - 0x00007ffbc2a18000 	C:\WINDOWS\System32\NSI.dll
0x00007ffbc01b0000 - 0x00007ffbc01e8000 	C:\WINDOWS\SYSTEM32\IPHLPAPI.DLL
0x00007ffbb71b0000 - 0x00007ffbb71be000 	C:\WINDOWS\System32\winrnr.dll
0x00007ffbb8620000 - 0x00007ffbb862a000 	C:\Windows\System32\rasadhlp.dll
0x00007ffbbbd10000 - 0x00007ffbbbd82000 	C:\WINDOWS\System32\fwpuclnt.dll
0x00007ffbc0fb0000 - 0x00007ffbc0fd5000 	C:\WINDOWS\SYSTEM32\bcrypt.dll
0x00007ffbc05e0000 - 0x00007ffbc05f7000 	C:\WINDOWS\SYSTEM32\CRYPTSP.dll
0x00007ffbc0010000 - 0x00007ffbc0043000 	C:\WINDOWS\system32\rsaenh.dll
0x00007ffbc1640000 - 0x00007ffbc1668000 	C:\WINDOWS\SYSTEM32\USERENV.dll
0x00007ffbc0600000 - 0x00007ffbc060b000 	C:\WINDOWS\SYSTEM32\CRYPTBASE.dll
0x00007ffbbb880000 - 0x00007ffbbb896000 	C:\WINDOWS\SYSTEM32\dhcpcsvc6.DLL
0x00007ffbbb860000 - 0x00007ffbbb87a000 	C:\WINDOWS\SYSTEM32\dhcpcsvc.DLL
0x0000000052790000 - 0x00000000527b4000 	C:\Program Files\Java\jre1.8.0_121\bin\sunec.dll

VM Arguments:
jvm_args: -Dcom.sun.management.jmxremote -Dcom.sun.management.jmxremote.port=53216 -Dcom.sun.management.jmxremote.authenticate=false -Dcom.sun.management.jmxremote.ssl=false -Djava.rmi.server.hostname=localhost -Dspring.liveBeansView.mbeanDomain -Dspring.application.admin.enabled=true -Xverify:none -XX:TieredStopAtLevel=1 -Dfile.encoding=UTF-8 
java_command: com.cg.app.Eurekaservice.EurekaServiceApplication --spring.output.ansi.enabled=always
java_class_path (initial): C:\zuulmmbank\Eureka-service\Eureka-service\target\classes;C:\Users\jharish\.m2\repository\org\springframework\cloud\spring-cloud-starter-netflix-eureka-server\2.0.2.RELEASE\spring-cloud-starter-netflix-eureka-server-2.0.2.RELEASE.jar;C:\Users\jharish\.m2\repository\org\springframework\cloud\spring-cloud-starter\2.0.2.RELEASE\spring-cloud-starter-2.0.2.RELEASE.jar;C:\Users\jharish\.m2\repository\org\springframework\cloud\spring-cloud-context\2.0.2.RELEASE\spring-cloud-context-2.0.2.RELEASE.jar;C:\Users\jharish\.m2\repository\org\springframework\security\spring-security-crypto\5.1.3.RELEASE\spring-security-crypto-5.1.3.RELEASE.jar;C:\Users\jharish\.m2\repository\org\springframework\cloud\spring-cloud-commons\2.0.2.RELEASE\spring-cloud-commons-2.0.2.RELEASE.jar;C:\Users\jharish\.m2\repository\org\springframework\security\spring-security-rsa\1.0.7.RELEASE\spring-security-rsa-1.0.7.RELEASE.jar;C:\Users\jharish\.m2\repository\org\bouncycastle\bcpkix-jdk15on\1.60\bcpkix-jdk15on-1.60.jar;C:\Users\jharish\.m2\repository\org\bouncycastle\bcprov-jdk15on\1.60\bcprov-jdk15on-1.60.jar;C:\Users\jharish\.m2\repository\org\springframework\cloud\spring-cloud-netflix-eureka-server\2.0.2.RELEASE\spring-cloud-netflix-eureka-server-2.0.2.RELEASE.jar;C:\Users\jharish\.m2\repository\org\springframework\boot\spring-boot-starter-web\2.1.2.RELEASE\spring-boot-starter-web-2.1.2.RELEASE.jar;C:\Users\jharish\.m2\repository\org\springframework\boot\spring-boot-starter-json\2.1.2.RELEASE\spring-boot-starter-json-2.1.2.RELEASE.jar;C:\Users\jharish\.m2\repository\com\fasterxml\jackson\datatype\jackson-datatype-jdk8\2.9.8\jackson-datatype-jdk8-2.9.8.jar;C:\Users\jharish\.m2\repository\com\fasterxml\jackson\datatype\jackson-datatype-jsr310\2.9.8\jackson-datatype-jsr310-2.9.8.jar;C:\Users\jharish\.m2\repository\com\fasterxml\jackson\module\jackson-module-parameter-names\2.9.8\jackson-module-parameter-names-2.9.8.jar;C:\Users\jharish\.m2\repository\org\springframework\boot\
Launcher Type: SUN_STANDARD

Environment Variables:
PATH=C:/Program Files/Java/jre1.8.0_121/bin/server;C:/Program Files/Java/jre1.8.0_121/bin;C:/Program Files/Java/jre1.8.0_121/lib/amd64;C:\Python34\;C:\Python34\Scripts;C:\oraclexe\app\oracle\product\11.2.0\server\bin;C:\ProgramData\Oracle\Java\javapath;C:\WINDOWS\system32;C:\WINDOWS;C:\WINDOWS\System32\Wbem;C:\WINDOWS\System32\WindowsPowerShell\v1.0\;C:\Program Files\TortoiseSVN\bin;C:\Program Files\nodejs\;C:\Program Files\Git\cmd;C:\Program Files (x86)\Microsoft SQL Server\110\Tools\Binn\ManagementStudio\;C:\Program Files (x86)\Microsoft SQL Server\110\Tools\Binn\;C:\Program Files (x86)\Microsoft SQL Server\110\DTS\Binn\;C:\Program Files\Citrix\System32\;C:\Program Files\Citrix\ICAService\;C:\WINDOWS\System32\OpenSSH\;C:\Users\jharish\AppData\Local\Microsoft\WindowsApps;;C:\Users\jharish\Desktop\New folder (2)\spring-tool-suite-3.9.7.RELEASE-e4.10.0-win32-x86_64\sts-bundle\sts-3.9.7.RELEASE;
USERNAME=jharish
OS=Windows_NT
PROCESSOR_IDENTIFIER=Intel64 Family 15 Model 6 Stepping 1, GenuineIntel



---------------  S Y S T E M  ---------------

OS: Windows 10.0 , 64 bit Build 17134 (10.0.17134.1)

CPU:total 4 (2 cores per cpu, 1 threads per core) family 15 model 6 stepping 1, cmov, cx8, fxsr, mmx, sse, sse2, sse3, ssse3, sse4.1, sse4.2, popcnt, avx, avx2, aes, clmul, erms, rtm, 3dnowpref, lzcnt, tsc, bmi1, bmi2, adx

Memory: 4k page, physical 8388056k(964792k free), swap 18697820k(2896k free)

vm_info: Java HotSpot(TM) 64-Bit Server VM (25.121-b13) for windows-amd64 JRE (1.8.0_121-b13), built on Dec 12 2016 18:21:36 by "java_re" with MS VC++ 10.0 (VS2010)

time: Wed Jan 30 12:16:17 2019
elapsed time: 25 seconds (0d 0h 0m 25s)

